#
# There is insufficient memory for the Java Runtime Environment to continue.
# Native memory allocation (malloc) failed to allocate 864496 bytes for Chunk::new
# Possible reasons:
#   The system is out of physical RAM or swap space
#   The process is running with CompressedOops enabled, and the Java Heap may be blocking the growth of the native heap
# Possible solutions:
#   Reduce memory load on the system
#   Increase physical memory or swap space
#   Check if swap backing store is full
#   Decrease Java heap size (-Xmx/-Xms)
#   Decrease number of Java threads
#   Decrease Java thread stack sizes (-Xss)
#   Set larger code cache with -XX:ReservedCodeCacheSize=
#   JVM is running with Zero Based Compressed Oops mode in which the Java heap is
#     placed in the first 32GB address space. The Java Heap base address is the
#     maximum limit for the native heap growth. Please use -XX:HeapBaseMinAddress
#     to set the Java Heap base and to place the Java Heap above 32GB virtual address.
# This output file may be truncated or incomplete.
#
#  Out of Memory Error (./open/src/hotspot/share/memory/arena.cpp:195), pid=3276, tid=29932
#
# JRE version: OpenJDK Runtime Environment (15.0.1+9) (build 15.0.1+9-18)
# Java VM: OpenJDK 64-Bit Server VM (15.0.1+9-18, mixed mode, tiered, compressed oops, g1 gc, windows-amd64)
# No core dump will be written. Minidumps are not enabled by default on client versions of Windows
#

---------------  S U M M A R Y ------------

Command Line: -Dfile.encoding=UTF-8 -XX:+ShowCodeDetailsInExceptionMessages com.itwins.artisanatshop.ArtisanatshopApplication

Host: Intel(R) Core(TM) i7-8650U CPU @ 1.90GHz, 8 cores, 15G,  Windows 10 , 64 bit Build 18362 (10.0.18362.1350)
Time: Tue Apr  6 00:04:48 2021 Maroc (heure d?été) elapsed time: 468.951110 seconds (0d 0h 7m 48s)

---------------  T H R E A D  ---------------

Current thread (0x000002387f989f40):  JavaThread "C2 CompilerThread0" daemon [_thread_in_native, id=29932, stack(0x000000e83fa00000,0x000000e83fb00000)]


Current CompileTask:
C2: 468951 7105       4       java.util.TreeMap::addEntry (59 bytes)

Stack: [0x000000e83fa00000,0x000000e83fb00000]
Native frames: (J=compiled Java code, j=interpreted, Vv=VM code, C=native code)
V  [jvm.dll+0x62ae9a]
V  [jvm.dll+0x781389]
V  [jvm.dll+0x782ae3]
V  [jvm.dll+0x783143]
V  [jvm.dll+0x216265]
V  [jvm.dll+0x97efa]
V  [jvm.dll+0x985dc]
V  [jvm.dll+0x32e4c8]
V  [jvm.dll+0x2f78aa]
V  [jvm.dll+0x2f6c6a]
V  [jvm.dll+0x1ea645]
V  [jvm.dll+0x1e98ae]
V  [jvm.dll+0x1784c7]
V  [jvm.dll+0x1f9165]
V  [jvm.dll+0x1f720c]
V  [jvm.dll+0x74485d]
V  [jvm.dll+0x73d65a]
V  [jvm.dll+0x629c56]
C  [ucrtbase.dll+0x210b2]
C  [KERNEL32.DLL+0x17c24]
C  [ntdll.dll+0x6d721]


---------------  P R O C E S S  ---------------

Threads class SMR info:
_java_thread_list=0x0000023815fd0660, length=30, elements={
0x000002387f957140, 0x000002387f957b20, 0x000002387f9842b0, 0x000002387f984b70,
0x000002387f985430, 0x000002387f989f40, 0x000002387f98a840, 0x000002387f99b900,
0x000002387fb07920, 0x000002387fb2e8e0, 0x000002381467f2f0, 0x000002381467c2d0,
0x000002381467dfb0, 0x000002381467c7a0, 0x000002381467e480, 0x0000023816cf6910,
0x0000023816cf72b0, 0x0000023816cf7780, 0x0000023816cf8120, 0x0000023816cf8ac0,
0x0000023816cf85f0, 0x0000023816cf55d0, 0x0000023816cf9e00, 0x0000023816cf5f70,
0x0000023816cf38f0, 0x0000023816cf4290, 0x0000023816cf8f90, 0x0000023816cf6de0,
0x0000023816cf6440, 0x0000023816cf7c50
}

Java Threads: ( => current thread )
  0x000002387f957140 JavaThread "Reference Handler" daemon [_thread_blocked, id=13644, stack(0x000000e83f500000,0x000000e83f600000)]
  0x000002387f957b20 JavaThread "Finalizer" daemon [_thread_blocked, id=19324, stack(0x000000e83f600000,0x000000e83f700000)]
  0x000002387f9842b0 JavaThread "Signal Dispatcher" daemon [_thread_blocked, id=11080, stack(0x000000e83f700000,0x000000e83f800000)]
  0x000002387f984b70 JavaThread "Attach Listener" daemon [_thread_blocked, id=8500, stack(0x000000e83f800000,0x000000e83f900000)]
  0x000002387f985430 JavaThread "Service Thread" daemon [_thread_blocked, id=30128, stack(0x000000e83f900000,0x000000e83fa00000)]
=>0x000002387f989f40 JavaThread "C2 CompilerThread0" daemon [_thread_in_native, id=29932, stack(0x000000e83fa00000,0x000000e83fb00000)]
  0x000002387f98a840 JavaThread "C1 CompilerThread0" daemon [_thread_blocked, id=2540, stack(0x000000e83fb00000,0x000000e83fc00000)]
  0x000002387f99b900 JavaThread "Sweeper thread" daemon [_thread_blocked, id=6276, stack(0x000000e83fc00000,0x000000e83fd00000)]
  0x000002387fb07920 JavaThread "Notification Thread" daemon [_thread_blocked, id=31068, stack(0x000000e83fd00000,0x000000e83fe00000)]
  0x000002387fb2e8e0 JavaThread "Common-Cleaner" daemon [_thread_blocked, id=1216, stack(0x000000e840000000,0x000000e840100000)]
  0x000002381467f2f0 JavaThread "Catalina-utility-1" [_thread_blocked, id=5804, stack(0x000000e840600000,0x000000e840700000)]
  0x000002381467c2d0 JavaThread "Catalina-utility-2" [_thread_blocked, id=30920, stack(0x000000e840800000,0x000000e840900000)]
  0x000002381467dfb0 JavaThread "container-0" [_thread_blocked, id=21404, stack(0x000000e840900000,0x000000e840a00000)]
  0x000002381467c7a0 JavaThread "mysql-cj-abandoned-connection-cleanup" daemon [_thread_blocked, id=17612, stack(0x000000e840a00000,0x000000e840b00000)]
  0x000002381467e480 JavaThread "HikariPool-1 housekeeper" daemon [_thread_blocked, id=31072, stack(0x000000e840d00000,0x000000e840e00000)]
  0x0000023816cf6910 JavaThread "NioBlockingSelector.BlockPoller-1" daemon [_thread_in_native, id=34168, stack(0x000000e841000000,0x000000e841100000)]
  0x0000023816cf72b0 JavaThread "http-nio-9092-exec-1" daemon [_thread_blocked, id=32440, stack(0x000000e841100000,0x000000e841200000)]
  0x0000023816cf7780 JavaThread "http-nio-9092-exec-2" daemon [_thread_blocked, id=17896, stack(0x000000e841200000,0x000000e841300000)]
  0x0000023816cf8120 JavaThread "http-nio-9092-exec-3" daemon [_thread_blocked, id=10872, stack(0x000000e841300000,0x000000e841400000)]
  0x0000023816cf8ac0 JavaThread "http-nio-9092-exec-4" daemon [_thread_blocked, id=844, stack(0x000000e841400000,0x000000e841500000)]
  0x0000023816cf85f0 JavaThread "http-nio-9092-exec-5" daemon [_thread_blocked, id=28800, stack(0x000000e841500000,0x000000e841600000)]
  0x0000023816cf55d0 JavaThread "http-nio-9092-exec-6" daemon [_thread_blocked, id=35536, stack(0x000000e841600000,0x000000e841700000)]
  0x0000023816cf9e00 JavaThread "http-nio-9092-exec-7" daemon [_thread_blocked, id=8440, stack(0x000000e841700000,0x000000e841800000)]
  0x0000023816cf5f70 JavaThread "http-nio-9092-exec-8" daemon [_thread_blocked, id=29640, stack(0x000000e841800000,0x000000e841900000)]
  0x0000023816cf38f0 JavaThread "http-nio-9092-exec-9" daemon [_thread_blocked, id=21180, stack(0x000000e841900000,0x000000e841a00000)]
  0x0000023816cf4290 JavaThread "http-nio-9092-exec-10" daemon [_thread_blocked, id=21188, stack(0x000000e841a00000,0x000000e841b00000)]
  0x0000023816cf8f90 JavaThread "http-nio-9092-ClientPoller-0" daemon [_thread_in_native, id=38488, stack(0x000000e841b00000,0x000000e841c00000)]
  0x0000023816cf6de0 JavaThread "http-nio-9092-ClientPoller-1" daemon [_thread_in_native, id=38896, stack(0x000000e841c00000,0x000000e841d00000)]
  0x0000023816cf6440 JavaThread "http-nio-9092-Acceptor-0" daemon [_thread_in_native, id=22016, stack(0x000000e841d00000,0x000000e841e00000)]
  0x0000023816cf7c50 JavaThread "DestroyJavaVM" [_thread_blocked, id=35520, stack(0x000000e83ee00000,0x000000e83ef00000)]

Other Threads:
  0x000002387f91c510 VMThread "VM Thread" [stack: 0x000000e83f400000,0x000000e83f500000] [id=19592]
  0x000002387fb07df0 WatcherThread [stack: 0x000000e83fe00000,0x000000e83ff00000] [id=18836]
  0x0000023873a058a0 GCTaskThread "GC Thread#0" [stack: 0x000000e83ef00000,0x000000e83f000000] [id=30364]
  0x00000238137fb8c0 GCTaskThread "GC Thread#1" [stack: 0x000000e840100000,0x000000e840200000] [id=36100]
  0x00000238137fb260 GCTaskThread "GC Thread#2" [stack: 0x000000e840200000,0x000000e840300000] [id=28744]
  0x00000238137fa8d0 GCTaskThread "GC Thread#3" [stack: 0x000000e840300000,0x000000e840400000] [id=17008]
  0x00000238137fac00 GCTaskThread "GC Thread#4" [stack: 0x000000e840400000,0x000000e840500000] [id=35380]
  0x00000238137f8c20 GCTaskThread "GC Thread#5" [stack: 0x000000e840500000,0x000000e840600000] [id=12616]
  0x00000238174f9ad0 GCTaskThread "GC Thread#6" [stack: 0x000000e840e00000,0x000000e840f00000] [id=30104]
  0x00000238174fa790 GCTaskThread "GC Thread#7" [stack: 0x000000e840f00000,0x000000e841000000] [id=32016]
  0x0000023873a17f00 ConcurrentGCThread "G1 Main Marker" [stack: 0x000000e83f000000,0x000000e83f100000] [id=30832]
  0x0000023873a18980 ConcurrentGCThread "G1 Conc#0" [stack: 0x000000e83f100000,0x000000e83f200000] [id=25868]
  0x00000238137f9280 ConcurrentGCThread "G1 Conc#1" [stack: 0x000000e840700000,0x000000e840800000] [id=21912]
  0x000002387f7440e0 ConcurrentGCThread "G1 Refine#0" [stack: 0x000000e83f200000,0x000000e83f300000] [id=18336]
  0x000002387f7448b0 ConcurrentGCThread "G1 Young RemSet Sampling" [stack: 0x000000e83f300000,0x000000e83f400000] [id=22512]

Threads with active compile tasks:
C2 CompilerThread0   469119 7105       4       java.util.TreeMap::addEntry (59 bytes)

VM state: not at safepoint (normal execution)

VM Mutex/Monitor currently owned by a thread: None

Heap address: 0x0000000702200000, size: 4062 MB, Compressed Oops mode: Zero based, Oop shift amount: 3
CDS disabled.
Compressed class space mapped at: 0x0000000800000000-0x0000000840000000, size: 1073741824
Narrow klass base: 0x0000000800000000, Narrow klass shift: 0, Narrow klass range: 0x40000000

GC Precious Log:
 CPUs: 8 total, 8 available
 Memory: 16243M
 Large Page Support: Disabled
 NUMA Support: Disabled
 Compressed Oops: Enabled (Zero based)
 Heap Region Size: 2M
 Heap Min Capacity: 8M
 Heap Initial Capacity: 254M
 Heap Max Capacity: 4062M
 Pre-touch: Disabled
 Parallel Workers: 8
 Concurrent Workers: 2
 Concurrent Refinement Workers: 8
 Periodic GC: Disabled

Heap:
 garbage-first heap   total 133120K, used 63802K [0x0000000702200000, 0x0000000800000000)
  region size 2048K, 21 young (43008K), 4 survivors (8192K)
 Metaspace       used 71548K, capacity 72214K, committed 72528K, reserved 1114112K
  class space    used 8686K, capacity 8899K, committed 8960K, reserved 1048576K

Heap Regions: E=young(eden), S=young(survivor), O=old, HS=humongous(starts), HC=humongous(continues), CS=collection set, F=free, OA=open archive, CA=closed archive, TAMS=top-at-mark-start (previous, next)
|   0|0x0000000702200000, 0x0000000702400000, 0x0000000702400000|100%| O|  |TAMS 0x0000000702400000, 0x0000000702200000| Untracked 
|   1|0x0000000702400000, 0x0000000702600000, 0x0000000702600000|100%| O|  |TAMS 0x0000000702600000, 0x0000000702400000| Untracked 
|   2|0x0000000702600000, 0x0000000702800000, 0x0000000702800000|100%| O|  |TAMS 0x0000000702800000, 0x0000000702600000| Untracked 
|   3|0x0000000702800000, 0x000000070283d200, 0x0000000702a00000| 11%| O|  |TAMS 0x000000070283d200, 0x0000000702800000| Untracked 
|   4|0x0000000702a00000, 0x0000000702c00000, 0x0000000702c00000|100%| O|  |TAMS 0x0000000702c00000, 0x0000000702a00000| Untracked 
|   5|0x0000000702c00000, 0x0000000702e00000, 0x0000000702e00000|100%| O|  |TAMS 0x0000000702e00000, 0x0000000702c00000| Untracked 
|   6|0x0000000702e00000, 0x0000000703000000, 0x0000000703000000|100%| O|  |TAMS 0x0000000702e86600, 0x0000000702e00000| Untracked 
|   7|0x0000000703000000, 0x0000000703200000, 0x0000000703200000|100%| O|  |TAMS 0x0000000703000000, 0x0000000703000000| Untracked 
|   8|0x0000000703200000, 0x0000000703400000, 0x0000000703400000|100%| O|  |TAMS 0x0000000703200000, 0x0000000703200000| Untracked 
|   9|0x0000000703400000, 0x0000000703451200, 0x0000000703600000| 15%| O|  |TAMS 0x0000000703400000, 0x0000000703400000| Untracked 
|  10|0x0000000703600000, 0x0000000703800000, 0x0000000703800000|100%| O|  |TAMS 0x0000000703600000, 0x0000000703600000| Untracked 
|  11|0x0000000703800000, 0x0000000703a00000, 0x0000000703a00000|100%| O|  |TAMS 0x0000000703800000, 0x0000000703800000| Untracked 
|  12|0x0000000703a00000, 0x0000000703be0a00, 0x0000000703c00000| 93%| O|  |TAMS 0x0000000703a00000, 0x0000000703a00000| Untracked 
|  13|0x0000000703c00000, 0x0000000703c00000, 0x0000000703e00000|  0%| F|  |TAMS 0x0000000703c00000, 0x0000000703c00000| Untracked 
|  14|0x0000000703e00000, 0x0000000703e00000, 0x0000000704000000|  0%| F|  |TAMS 0x0000000703e00000, 0x0000000703e00000| Untracked 
|  15|0x0000000704000000, 0x0000000704000000, 0x0000000704200000|  0%| F|  |TAMS 0x0000000704000000, 0x0000000704000000| Untracked 
|  16|0x0000000704200000, 0x0000000704200000, 0x0000000704400000|  0%| F|  |TAMS 0x0000000704200000, 0x0000000704200000| Untracked 
|  17|0x0000000704400000, 0x0000000704400000, 0x0000000704600000|  0%| F|  |TAMS 0x0000000704400000, 0x0000000704400000| Untracked 
|  18|0x0000000704600000, 0x0000000704600000, 0x0000000704800000|  0%| F|  |TAMS 0x0000000704600000, 0x0000000704600000| Untracked 
|  19|0x0000000704800000, 0x0000000704800000, 0x0000000704a00000|  0%| F|  |TAMS 0x0000000704800000, 0x0000000704800000| Untracked 
|  20|0x0000000704a00000, 0x0000000704a00000, 0x0000000704c00000|  0%| F|  |TAMS 0x0000000704a00000, 0x0000000704a00000| Untracked 
|  21|0x0000000704c00000, 0x0000000704c00000, 0x0000000704e00000|  0%| F|  |TAMS 0x0000000704c00000, 0x0000000704c00000| Untracked 
|  22|0x0000000704e00000, 0x0000000704e00000, 0x0000000705000000|  0%| F|  |TAMS 0x0000000704e00000, 0x0000000704e00000| Untracked 
|  23|0x0000000705000000, 0x0000000705000000, 0x0000000705200000|  0%| F|  |TAMS 0x0000000705000000, 0x0000000705000000| Untracked 
|  24|0x0000000705200000, 0x0000000705200000, 0x0000000705400000|  0%| F|  |TAMS 0x0000000705200000, 0x0000000705200000| Untracked 
|  25|0x0000000705400000, 0x0000000705400000, 0x0000000705600000|  0%| F|  |TAMS 0x0000000705400000, 0x0000000705400000| Untracked 
|  26|0x0000000705600000, 0x00000007057dfc48, 0x0000000705800000| 93%| S|CS|TAMS 0x0000000705600000, 0x0000000705600000| Complete 
|  27|0x0000000705800000, 0x0000000705a00000, 0x0000000705a00000|100%| S|CS|TAMS 0x0000000705800000, 0x0000000705800000| Complete 
|  28|0x0000000705a00000, 0x0000000705c00000, 0x0000000705c00000|100%| S|CS|TAMS 0x0000000705a00000, 0x0000000705a00000| Complete 
|  29|0x0000000705c00000, 0x0000000705e00000, 0x0000000705e00000|100%| S|CS|TAMS 0x0000000705c00000, 0x0000000705c00000| Complete 
|  30|0x0000000705e00000, 0x0000000705e00000, 0x0000000706000000|  0%| F|  |TAMS 0x0000000705e00000, 0x0000000705e00000| Untracked 
|  31|0x0000000706000000, 0x0000000706000000, 0x0000000706200000|  0%| F|  |TAMS 0x0000000706000000, 0x0000000706000000| Untracked 
|  32|0x0000000706200000, 0x0000000706200000, 0x0000000706400000|  0%| F|  |TAMS 0x0000000706200000, 0x0000000706200000| Untracked 
|  33|0x0000000706400000, 0x0000000706400000, 0x0000000706600000|  0%| F|  |TAMS 0x0000000706400000, 0x0000000706400000| Untracked 
|  34|0x0000000706600000, 0x0000000706600000, 0x0000000706800000|  0%| F|  |TAMS 0x0000000706600000, 0x0000000706600000| Untracked 
|  35|0x0000000706800000, 0x0000000706800000, 0x0000000706a00000|  0%| F|  |TAMS 0x0000000706800000, 0x0000000706800000| Untracked 
|  36|0x0000000706a00000, 0x0000000706a00000, 0x0000000706c00000|  0%| F|  |TAMS 0x0000000706a00000, 0x0000000706a00000| Untracked 
|  37|0x0000000706c00000, 0x0000000706c00000, 0x0000000706e00000|  0%| F|  |TAMS 0x0000000706c00000, 0x0000000706c00000| Untracked 
|  38|0x0000000706e00000, 0x0000000706e00000, 0x0000000707000000|  0%| F|  |TAMS 0x0000000706e00000, 0x0000000706e00000| Untracked 
|  39|0x0000000707000000, 0x0000000707000000, 0x0000000707200000|  0%| F|  |TAMS 0x0000000707000000, 0x0000000707000000| Untracked 
|  40|0x0000000707200000, 0x0000000707200000, 0x0000000707400000|  0%| F|  |TAMS 0x0000000707200000, 0x0000000707200000| Untracked 
|  41|0x0000000707400000, 0x0000000707400000, 0x0000000707600000|  0%| F|  |TAMS 0x0000000707400000, 0x0000000707400000| Untracked 
|  42|0x0000000707600000, 0x0000000707600000, 0x0000000707800000|  0%| F|  |TAMS 0x0000000707600000, 0x0000000707600000| Untracked 
|  43|0x0000000707800000, 0x0000000707800000, 0x0000000707a00000|  0%| F|  |TAMS 0x0000000707800000, 0x0000000707800000| Untracked 
|  44|0x0000000707a00000, 0x0000000707a00000, 0x0000000707c00000|  0%| F|  |TAMS 0x0000000707a00000, 0x0000000707a00000| Untracked 
|  45|0x0000000707c00000, 0x0000000707c00000, 0x0000000707e00000|  0%| F|  |TAMS 0x0000000707c00000, 0x0000000707c00000| Untracked 
|  46|0x0000000707e00000, 0x0000000707e00000, 0x0000000708000000|  0%| F|  |TAMS 0x0000000707e00000, 0x0000000707e00000| Untracked 
|  47|0x0000000708000000, 0x0000000708000000, 0x0000000708200000|  0%| F|  |TAMS 0x0000000708000000, 0x0000000708000000| Untracked 
|  48|0x0000000708200000, 0x00000007083cde60, 0x0000000708400000| 90%| E|  |TAMS 0x0000000708200000, 0x0000000708200000| Complete 
|  49|0x0000000708400000, 0x0000000708600000, 0x0000000708600000|100%| E|CS|TAMS 0x0000000708400000, 0x0000000708400000| Complete 
|  50|0x0000000708600000, 0x0000000708800000, 0x0000000708800000|100%| E|CS|TAMS 0x0000000708600000, 0x0000000708600000| Complete 
|  51|0x0000000708800000, 0x0000000708a00000, 0x0000000708a00000|100%| E|CS|TAMS 0x0000000708800000, 0x0000000708800000| Complete 
|  52|0x0000000708a00000, 0x0000000708c00000, 0x0000000708c00000|100%| E|CS|TAMS 0x0000000708a00000, 0x0000000708a00000| Complete 
|  53|0x0000000708c00000, 0x0000000708e00000, 0x0000000708e00000|100%| E|CS|TAMS 0x0000000708c00000, 0x0000000708c00000| Complete 
|  54|0x0000000708e00000, 0x0000000709000000, 0x0000000709000000|100%| E|CS|TAMS 0x0000000708e00000, 0x0000000708e00000| Complete 
|  55|0x0000000709000000, 0x0000000709200000, 0x0000000709200000|100%| E|CS|TAMS 0x0000000709000000, 0x0000000709000000| Complete 
|  56|0x0000000709200000, 0x0000000709400000, 0x0000000709400000|100%| E|CS|TAMS 0x0000000709200000, 0x0000000709200000| Complete 
|  57|0x0000000709400000, 0x0000000709600000, 0x0000000709600000|100%| E|CS|TAMS 0x0000000709400000, 0x0000000709400000| Complete 
|  58|0x0000000709600000, 0x0000000709800000, 0x0000000709800000|100%| E|CS|TAMS 0x0000000709600000, 0x0000000709600000| Complete 
|  59|0x0000000709800000, 0x0000000709a00000, 0x0000000709a00000|100%| E|CS|TAMS 0x0000000709800000, 0x0000000709800000| Complete 
|  69|0x000000070ac00000, 0x000000070ae00000, 0x000000070ae00000|100%| E|CS|TAMS 0x000000070ac00000, 0x000000070ac00000| Complete 
|  70|0x000000070ae00000, 0x000000070b000000, 0x000000070b000000|100%| E|CS|TAMS 0x000000070ae00000, 0x000000070ae00000| Complete 
|  71|0x000000070b000000, 0x000000070b200000, 0x000000070b200000|100%| E|CS|TAMS 0x000000070b000000, 0x000000070b000000| Complete 
| 123|0x0000000711800000, 0x0000000711a00000, 0x0000000711a00000|100%| E|CS|TAMS 0x0000000711800000, 0x0000000711800000| Complete 
| 126|0x0000000711e00000, 0x0000000712000000, 0x0000000712000000|100%| E|CS|TAMS 0x0000000711e00000, 0x0000000711e00000| Complete 

Card table byte_map: [0x0000023877ee0000,0x00000238786d0000] _byte_map_base: 0x00000238746cf000

Marking Bits (Prev, Next): (CMBitMap*) 0x0000023873a06f70, (CMBitMap*) 0x0000023873a06f30
 Prev Bits: [0x000002380f000000, 0x0000023812f78000)
 Next Bits: [0x0000023878ec0000, 0x000002387ce38000)

Polling page: 0x0000023871770000

Metaspace:

Usage:
  Non-class:     61.83 MB capacity,    61.39 MB (>99%) used,   356.76 KB ( <1%) free+waste,    96.56 KB ( <1%) overhead. 
      Class:      8.69 MB capacity,     8.48 MB ( 98%) used,   176.71 KB (  2%) free+waste,    35.50 KB ( <1%) overhead. 
       Both:     70.52 MB capacity,    69.87 MB (>99%) used,   533.47 KB ( <1%) free+waste,   132.06 KB ( <1%) overhead. 

Virtual space:
  Non-class space:       64.00 MB reserved,      62.08 MB ( 97%) committed 
      Class space:        1.00 GB reserved,       8.75 MB ( <1%) committed 
             Both:        1.06 GB reserved,      70.83 MB (  7%) committed 

Chunk freelists:
   Non-Class:  61.00 KB
       Class:  29.00 KB
        Both:  90.00 KB

MaxMetaspaceSize: 17179869184.00 GB
CompressedClassSpaceSize: 1.00 GB

CodeHeap 'non-profiled nmethods': size=120000Kb used=4103Kb max_used=4103Kb free=115896Kb
 bounds [0x0000023807ad0000, 0x0000023807ee0000, 0x000002380f000000]
CodeHeap 'profiled nmethods': size=120000Kb used=13323Kb max_used=13323Kb free=106676Kb
 bounds [0x00000238005a0000, 0x00000238012b0000, 0x0000023807ad0000]
CodeHeap 'non-nmethods': size=5760Kb used=1333Kb max_used=1401Kb free=4426Kb
 bounds [0x0000023800000000, 0x0000023800270000, 0x00000238005a0000]
 total_blobs=6965 nmethods=6334 adapters=543
 compilation: enabled
              stopped_count=0, restarted_count=0
 full_count=0

Compilation events (20 events):
Event: 398.540 Thread 0x000002387f98a840 nmethod 7095 0x0000023801299d90 code [0x0000023801299f20, 0x000002380129a078]
Event: 398.540 Thread 0x000002387f989f40 7096       4       java.util.TreeMap::put (8 bytes)
Event: 398.881 Thread 0x000002387f989f40 nmethod 7096 0x0000023807eccc10 code [0x0000023807ecce40, 0x0000023807ed08d8]
Event: 418.095 Thread 0x000002387f989f40 7097       4       jdk.internal.misc.Unsafe::putIntOpaque (9 bytes)
Event: 418.096 Thread 0x000002387f989f40 nmethod 7097 0x0000023807ed1690 code [0x0000023807ed1800, 0x0000023807ed1878]
Event: 438.631 Thread 0x000002387f98a840 7098   !   3       org.apache.catalina.core.ContainerBase::getRealmInternal (38 bytes)
Event: 438.635 Thread 0x000002387f98a840 nmethod 7098 0x000002380129a110 code [0x000002380129a340, 0x000002380129aa88]
Event: 438.635 Thread 0x000002387f98a840 7099   !   3       org.apache.catalina.core.ContainerBase::getClusterInternal (38 bytes)
Event: 438.640 Thread 0x000002387f98a840 nmethod 7099 0x000002380129ad90 code [0x000002380129afc0, 0x000002380129b708]
Event: 442.097 Thread 0x000002387f989f40 7100       4       java.util.concurrent.locks.AbstractQueuedSynchronizer$Node::setStatusRelaxed (12 bytes)
Event: 442.099 Thread 0x000002387f989f40 nmethod 7100 0x0000023807ed1990 code [0x0000023807ed1b00, 0x0000023807ed1b78]
Event: 448.644 Thread 0x000002387f98a840 7101   !   3       org.apache.catalina.core.ContainerBase$ContainerBackgroundProcessor::processChildren (191 bytes)
Event: 448.654 Thread 0x000002387f98a840 nmethod 7101 0x000002380129ba10 code [0x000002380129bdc0, 0x000002380129e2c8]
Event: 448.654 Thread 0x000002387f98a840 7102   !   3       org.apache.catalina.core.ContainerBase::backgroundProcess (168 bytes)
Event: 448.656 Thread 0x000002387f98a840 nmethod 7102 0x000002380129ed10 code [0x000002380129f060, 0x00000238012a0938]
Event: 448.656 Thread 0x000002387f98a840 7103       3       org.apache.catalina.mapper.MapperListener::lifecycleEvent (178 bytes)
Event: 448.662 Thread 0x000002387f98a840 nmethod 7103 0x00000238012a1110 code [0x00000238012a1400, 0x00000238012a2c38]
Event: 457.670 Thread 0x000002387f98a840 7104       1       jdk.internal.loader.URLClassPath$FileLoader$1::getURL (5 bytes)
Event: 457.671 Thread 0x000002387f98a840 nmethod 7104 0x0000023807ed1c90 code [0x0000023807ed1e20, 0x0000023807ed1ed8]
Event: 468.671 Thread 0x000002387f989f40 7105       4       java.util.TreeMap::addEntry (59 bytes)

GC Heap History (20 events):
Event: 4.055 GC heap before
{Heap before GC invocations=1 (full 0):
 garbage-first heap   total 260096K, used 22677K [0x0000000702200000, 0x0000000800000000)
  region size 2048K, 11 young (22528K), 2 survivors (4096K)
 Metaspace       used 19613K, capacity 19816K, committed 19968K, reserved 1067008K
  class space    used 2126K, capacity 2185K, committed 2304K, reserved 1048576K
}
Event: 4.079 GC heap after
{Heap after GC invocations=2 (full 0):
 garbage-first heap   total 260096K, used 7721K [0x0000000702200000, 0x0000000800000000)
  region size 2048K, 1 young (2048K), 1 survivors (2048K)
 Metaspace       used 19613K, capacity 19816K, committed 19968K, reserved 1067008K
  class space    used 2126K, capacity 2185K, committed 2304K, reserved 1048576K
}
Event: 4.247 GC heap before
{Heap before GC invocations=2 (full 0):
 garbage-first heap   total 260096K, used 11817K [0x0000000702200000, 0x0000000800000000)
  region size 2048K, 4 young (8192K), 1 survivors (2048K)
 Metaspace       used 20948K, capacity 21186K, committed 21296K, reserved 1069056K
  class space    used 2283K, capacity 2362K, committed 2432K, reserved 1048576K
}
Event: 4.249 GC heap after
{Heap after GC invocations=3 (full 0):
 garbage-first heap   total 260096K, used 7896K [0x0000000702200000, 0x0000000800000000)
  region size 2048K, 1 young (2048K), 1 survivors (2048K)
 Metaspace       used 20948K, capacity 21186K, committed 21296K, reserved 1069056K
  class space    used 2283K, capacity 2362K, committed 2432K, reserved 1048576K
}
Event: 5.983 GC heap before
{Heap before GC invocations=4 (full 0):
 garbage-first heap   total 40960K, used 30424K [0x0000000702200000, 0x0000000800000000)
  region size 2048K, 12 young (24576K), 1 survivors (2048K)
 Metaspace       used 26826K, capacity 27086K, committed 27312K, reserved 1073152K
  class space    used 2960K, capacity 3037K, committed 3072K, reserved 1048576K
}
Event: 6.015 GC heap after
{Heap after GC invocations=5 (full 0):
 garbage-first heap   total 40960K, used 9392K [0x0000000702200000, 0x0000000800000000)
  region size 2048K, 2 young (4096K), 2 survivors (4096K)
 Metaspace       used 26826K, capacity 27086K, committed 27312K, reserved 1073152K
  class space    used 2960K, capacity 3037K, committed 3072K, reserved 1048576K
}
Event: 8.692 GC heap before
{Heap before GC invocations=6 (full 0):
 garbage-first heap   total 40960K, used 23728K [0x0000000702200000, 0x0000000800000000)
  region size 2048K, 10 young (20480K), 2 survivors (4096K)
 Metaspace       used 29285K, capacity 29616K, committed 29744K, reserved 1075200K
  class space    used 3237K, capacity 3357K, committed 3456K, reserved 1048576K
}
Event: 8.736 GC heap after
{Heap after GC invocations=7 (full 0):
 garbage-first heap   total 40960K, used 11125K [0x0000000702200000, 0x0000000800000000)
  region size 2048K, 2 young (4096K), 2 survivors (4096K)
 Metaspace       used 29285K, capacity 29616K, committed 29744K, reserved 1075200K
  class space    used 3237K, capacity 3357K, committed 3456K, reserved 1048576K
}
Event: 9.111 GC heap before
{Heap before GC invocations=7 (full 0):
 garbage-first heap   total 40960K, used 23413K [0x0000000702200000, 0x0000000800000000)
  region size 2048K, 9 young (18432K), 2 survivors (4096K)
 Metaspace       used 29405K, capacity 29724K, committed 30000K, reserved 1075200K
  class space    used 3249K, capacity 3391K, committed 3456K, reserved 1048576K
}
Event: 9.149 GC heap after
{Heap after GC invocations=8 (full 0):
 garbage-first heap   total 151552K, used 11375K [0x0000000702200000, 0x0000000800000000)
  region size 2048K, 1 young (2048K), 1 survivors (2048K)
 Metaspace       used 29405K, capacity 29724K, committed 30000K, reserved 1075200K
  class space    used 3249K, capacity 3391K, committed 3456K, reserved 1048576K
}
Event: 14.799 GC heap before
{Heap before GC invocations=8 (full 0):
 garbage-first heap   total 151552K, used 91247K [0x0000000702200000, 0x0000000800000000)
  region size 2048K, 41 young (83968K), 1 survivors (2048K)
 Metaspace       used 37482K, capacity 37940K, committed 38192K, reserved 1083392K
  class space    used 4258K, capacity 4384K, committed 4480K, reserved 1048576K
}
Event: 14.864 GC heap after
{Heap after GC invocations=9 (full 0):
 garbage-first heap   total 151552K, used 17255K [0x0000000702200000, 0x0000000800000000)
  region size 2048K, 4 young (8192K), 4 survivors (8192K)
 Metaspace       used 37482K, capacity 37940K, committed 38192K, reserved 1083392K
  class space    used 4258K, capacity 4384K, committed 4480K, reserved 1048576K
}
Event: 19.710 GC heap before
{Heap before GC invocations=9 (full 0):
 garbage-first heap   total 151552K, used 97127K [0x0000000702200000, 0x0000000800000000)
  region size 2048K, 44 young (90112K), 4 survivors (8192K)
 Metaspace       used 44891K, capacity 45404K, committed 45520K, reserved 1089536K
  class space    used 5053K, capacity 5189K, committed 5248K, reserved 1048576K
}
Event: 19.801 GC heap after
{Heap after GC invocations=10 (full 0):
 garbage-first heap   total 151552K, used 23224K [0x0000000702200000, 0x0000000800000000)
  region size 2048K, 6 young (12288K), 6 survivors (12288K)
 Metaspace       used 44891K, capacity 45404K, committed 45520K, reserved 1089536K
  class space    used 5053K, capacity 5189K, committed 5248K, reserved 1048576K
}
Event: 19.823 GC heap before
{Heap before GC invocations=10 (full 0):
 garbage-first heap   total 151552K, used 23224K [0x0000000702200000, 0x0000000800000000)
  region size 2048K, 7 young (14336K), 6 survivors (12288K)
 Metaspace       used 44943K, capacity 45404K, committed 45520K, reserved 1089536K
  class space    used 5055K, capacity 5189K, committed 5248K, reserved 1048576K
}
Event: 19.871 GC heap after
{Heap after GC invocations=11 (full 0):
 garbage-first heap   total 151552K, used 24058K [0x0000000702200000, 0x0000000800000000)
  region size 2048K, 4 young (8192K), 4 survivors (8192K)
 Metaspace       used 44943K, capacity 45404K, committed 45520K, reserved 1089536K
  class space    used 5055K, capacity 5189K, committed 5248K, reserved 1048576K
}
Event: 24.167 GC heap before
{Heap before GC invocations=12 (full 0):
 garbage-first heap   total 102400K, used 77306K [0x0000000702200000, 0x0000000800000000)
  region size 2048K, 30 young (61440K), 4 survivors (8192K)
 Metaspace       used 57681K, capacity 58215K, committed 58576K, reserved 1101824K
  class space    used 7033K, capacity 7188K, committed 7296K, reserved 1048576K
}
Event: 24.210 GC heap after
{Heap after GC invocations=13 (full 0):
 garbage-first heap   total 133120K, used 26437K [0x0000000702200000, 0x0000000800000000)
  region size 2048K, 2 young (4096K), 2 survivors (4096K)
 Metaspace       used 57681K, capacity 58215K, committed 58576K, reserved 1101824K
  class space    used 7033K, capacity 7188K, committed 7296K, reserved 1048576K
}
Event: 30.677 GC heap before
{Heap before GC invocations=13 (full 0):
 garbage-first heap   total 133120K, used 98117K [0x0000000702200000, 0x0000000800000000)
  region size 2048K, 37 young (75776K), 2 survivors (4096K)
 Metaspace       used 66731K, capacity 67294K, committed 67536K, reserved 1107968K
  class space    used 8124K, capacity 8291K, committed 8320K, reserved 1048576K
}
Event: 30.701 GC heap after
{Heap after GC invocations=14 (full 0):
 garbage-first heap   total 133120K, used 31034K [0x0000000702200000, 0x0000000800000000)
  region size 2048K, 4 young (8192K), 4 survivors (8192K)
 Metaspace       used 66731K, capacity 67294K, committed 67536K, reserved 1107968K
  class space    used 8124K, capacity 8291K, committed 8320K, reserved 1048576K
}

Deoptimization events (20 events):
Event: 177.631 Thread 0x0000023816cf5f70 Uncommon trap: trap_request=0xffffff45 fr.pc=0x0000023807b6f9e0 relative=0x00000000000001c0
Event: 177.631 Thread 0x0000023816cf5f70 Uncommon trap: reason=unstable_if action=reinterpret pc=0x0000023807b6f9e0 method=java.nio.Buffer.<init>(IIIILjdk/internal/access/foreign/MemorySegmentProxy;)V @ 50 c2
Event: 177.631 Thread 0x0000023816cf5f70 DEOPT PACKING pc=0x0000023807b6f9e0 sp=0x000000e8418fcb20
Event: 177.631 Thread 0x0000023816cf5f70 DEOPT UNPACKING pc=0x000002380004e42f sp=0x000000e8418fcaf0 mode 2
Event: 408.541 Thread 0x000002381467f2f0 Uncommon trap: trap_request=0xffffffbe fr.pc=0x0000023807ecff90 relative=0x0000000000003150
Event: 408.541 Thread 0x000002381467f2f0 Uncommon trap: reason=profile_predicate action=maybe_recompile pc=0x0000023807ecff90 method=java.util.TreeMap.put(Ljava/lang/Object;Ljava/lang/Object;Z)Ljava/lang/Object; @ 27 c2
Event: 408.541 Thread 0x000002381467f2f0 DEOPT PACKING pc=0x0000023807ecff90 sp=0x000000e8406fe970
Event: 408.541 Thread 0x000002381467f2f0 DEOPT UNPACKING pc=0x000002380004e42f sp=0x000000e8406fe8f0 mode 2
Event: 408.541 Thread 0x000002381467f2f0 Uncommon trap: trap_request=0xffffffbe fr.pc=0x0000023807ecff90 relative=0x0000000000003150
Event: 408.541 Thread 0x000002381467f2f0 Uncommon trap: reason=profile_predicate action=maybe_recompile pc=0x0000023807ecff90 method=java.util.TreeMap.put(Ljava/lang/Object;Ljava/lang/Object;Z)Ljava/lang/Object; @ 27 c2
Event: 408.541 Thread 0x000002381467f2f0 DEOPT PACKING pc=0x0000023807ecff90 sp=0x000000e8406fe970
Event: 408.542 Thread 0x000002381467f2f0 DEOPT UNPACKING pc=0x000002380004e42f sp=0x000000e8406fe8f0 mode 2
Event: 408.542 Thread 0x000002381467f2f0 Uncommon trap: trap_request=0xffffffbe fr.pc=0x0000023807ecff90 relative=0x0000000000003150
Event: 408.542 Thread 0x000002381467f2f0 Uncommon trap: reason=profile_predicate action=maybe_recompile pc=0x0000023807ecff90 method=java.util.TreeMap.put(Ljava/lang/Object;Ljava/lang/Object;Z)Ljava/lang/Object; @ 27 c2
Event: 408.542 Thread 0x000002381467f2f0 DEOPT PACKING pc=0x0000023807ecff90 sp=0x000000e8406fe970
Event: 408.542 Thread 0x000002381467f2f0 DEOPT UNPACKING pc=0x000002380004e42f sp=0x000000e8406fe8f0 mode 2
Event: 408.542 Thread 0x000002381467f2f0 Uncommon trap: trap_request=0xffffffbe fr.pc=0x0000023807ecff90 relative=0x0000000000003150
Event: 408.542 Thread 0x000002381467f2f0 Uncommon trap: reason=profile_predicate action=maybe_recompile pc=0x0000023807ecff90 method=java.util.TreeMap.put(Ljava/lang/Object;Ljava/lang/Object;Z)Ljava/lang/Object; @ 27 c2
Event: 408.542 Thread 0x000002381467f2f0 DEOPT PACKING pc=0x0000023807ecff90 sp=0x000000e8406fe970
Event: 408.542 Thread 0x000002381467f2f0 DEOPT UNPACKING pc=0x000002380004e42f sp=0x000000e8406fe8f0 mode 2

Classes unloaded (0 events):
No events

Classes redefined (0 events):
No events

Internal exceptions (20 events):
Event: 28.804 Thread 0x00000238739b2040 Exception <a 'java/lang/NoSuchMethodError'{0x0000000706f3d098}: 'java.lang.Object java.lang.invoke.DirectMethodHandle$Holder.invokeInterface(java.lang.Object, java.lang.Object, java.lang.Object, java.lang.Object)'> (0x0000000706f3d098) 
thrown [./open/src/hotspot/share/interpreter/linkResolver.cpp, line 782]
Event: 29.260 Thread 0x00000238739b2040 Exception <a 'java/lang/ClassNotFoundException'{0x0000000706dceea0}: java/lang/ObjectCustomizer> (0x0000000706dceea0) 
thrown [./open/src/hotspot/share/classfile/systemDictionary.cpp, line 295]
Event: 29.262 Thread 0x00000238739b2040 Exception <a 'java/lang/ClassNotFoundException'{0x0000000706dd5438}: org/springframework/web/servlet/config/annotation/WebMvcConfigurationSupportCustomizer> (0x0000000706dd5438) 
thrown [./open/src/hotspot/share/classfile/systemDictionary.cpp, line 295]
Event: 29.266 Thread 0x00000238739b2040 Exception <a 'java/lang/ClassNotFoundException'{0x0000000706de3030}: org/springframework/web/servlet/config/annotation/DelegatingWebMvcConfigurationCustomizer> (0x0000000706de3030) 
thrown [./open/src/hotspot/share/classfile/systemDictionary.cpp, line 295]
Event: 29.275 Thread 0x00000238739b2040 Exception <a 'java/lang/ClassNotFoundException'{0x0000000706dea460}: org/springframework/boot/autoconfigure/web/servlet/WebMvcAutoConfiguration$EnableWebMvcConfigurationCustomizer> (0x0000000706dea460) 
thrown [./open/src/hotspot/share/classfile/systemDictionary.cpp, line 295]
Event: 29.277 Thread 0x00000238739b2040 Exception <a 'java/lang/ClassNotFoundException'{0x0000000706df39d8}: org/springframework/boot/autoconfigure/web/servlet/WebMvcAutoConfiguration$EnableWebMvcConfiguration$$EnhancerBySpringCGLIB$$d3fb3a67Customizer> (0x0000000706df39d8) 
thrown [./open/src/hotspot/share/classfile/systemDictionary.cpp, line 295]
Event: 29.287 Thread 0x00000238739b2040 Exception <a 'java/lang/ClassNotFoundException'{0x0000000706a0d780}: org/springframework/context/annotation/ConfigurationClassEnhancer$EnhancedConfigurationCustomizer> (0x0000000706a0d780) 
thrown [./open/src/hotspot/share/classfile/systemDictionary.cpp, line 295]
Event: 29.298 Thread 0x00000238739b2040 Exception <a 'java/lang/ClassNotFoundException'{0x0000000706a10578}: org/springframework/beans/factory/BeanFactoryAwareCustomizer> (0x0000000706a10578) 
thrown [./open/src/hotspot/share/classfile/systemDictionary.cpp, line 295]
Event: 29.298 Thread 0x00000238739b2040 Exception <a 'java/lang/ClassNotFoundException'{0x0000000706a14748}: org/springframework/beans/factory/AwareCustomizer> (0x0000000706a14748) 
thrown [./open/src/hotspot/share/classfile/systemDictionary.cpp, line 295]
Event: 29.300 Thread 0x00000238739b2040 Exception <a 'java/lang/ClassNotFoundException'{0x0000000706a174b8}: org/springframework/context/ApplicationContextAwareCustomizer> (0x0000000706a174b8) 
thrown [./open/src/hotspot/share/classfile/systemDictionary.cpp, line 295]
Event: 29.311 Thread 0x00000238739b2040 Exception <a 'java/lang/ClassNotFoundException'{0x0000000706a1bab0}: org/springframework/beans/factory/AwareCustomizer> (0x0000000706a1bab0) 
thrown [./open/src/hotspot/share/classfile/systemDictionary.cpp, line 295]
Event: 29.314 Thread 0x00000238739b2040 Exception <a 'java/lang/ClassNotFoundException'{0x0000000706a1e7e8}: org/springframework/web/context/ServletContextAwareCustomizer> (0x0000000706a1e7e8) 
thrown [./open/src/hotspot/share/classfile/systemDictionary.cpp, line 295]
Event: 29.318 Thread 0x00000238739b2040 Exception <a 'java/lang/ClassNotFoundException'{0x0000000706a22668}: org/springframework/beans/factory/AwareCustomizer> (0x0000000706a22668) 
thrown [./open/src/hotspot/share/classfile/systemDictionary.cpp, line 295]
Event: 30.419 Thread 0x00000238739b2040 Exception <a 'java/lang/NoSuchMethodError'{0x0000000705e8ce88}: 'void java.lang.invoke.DirectMethodHandle$Holder.invokeVirtual(java.lang.Object, java.lang.Object, int)'> (0x0000000705e8ce88) 
thrown [./open/src/hotspot/share/interpreter/linkResolver.cpp, line 782]
Event: 63.527 Thread 0x0000023816cf8120 Exception <a 'java/lang/reflect/InvocationTargetException'{0x00000007089d8fc8}> (0x00000007089d8fc8) 
thrown [./open/src/hotspot/share/runtime/reflection.cpp, line 1157]
Event: 63.751 Thread 0x0000023816cf8120 Exception <a 'java/lang/NoClassDefFoundError'{0x00000007086065b0}: sun/reflect/Reflection> (0x00000007086065b0) 
thrown [./open/src/hotspot/share/classfile/systemDictionary.cpp, line 284]
Event: 177.631 Thread 0x0000023816cf5f70 Exception <a 'java/lang/reflect/InvocationTargetException'{0x0000000709113368}> (0x0000000709113368) 
thrown [./open/src/hotspot/share/runtime/reflection.cpp, line 1157]
Event: 199.588 Thread 0x0000023816cf7780 Exception <a 'java/lang/reflect/InvocationTargetException'{0x0000000708e0e160}> (0x0000000708e0e160) 
thrown [./open/src/hotspot/share/runtime/reflection.cpp, line 1157]
Event: 298.437 Thread 0x0000023816cf55d0 Exception <a 'java/lang/reflect/InvocationTargetException'{0x0000000708ebc2a8}> (0x0000000708ebc2a8) 
thrown [./open/src/hotspot/share/runtime/reflection.cpp, line 1157]
Event: 320.472 Thread 0x0000023816cf4290 Exception <a 'java/lang/reflect/InvocationTargetException'{0x0000000708f6aa20}> (0x0000000708f6aa20) 
thrown [./open/src/hotspot/share/runtime/reflection.cpp, line 1157]

Events (20 events):
Event: 178.315 Executing VM operation: HandshakeAllThreads
Event: 178.315 Executing VM operation: HandshakeAllThreads done
Event: 200.329 Executing VM operation: HandshakeAllThreads
Event: 200.329 Executing VM operation: HandshakeAllThreads done
Event: 299.383 Executing VM operation: HandshakeAllThreads
Event: 299.383 Executing VM operation: HandshakeAllThreads done
Event: 313.096 Thread 0x0000023813cbd310 Thread added: 0x0000023813cbd310
Event: 313.290 Thread 0x0000023813cbd310 Thread exited: 0x0000023813cbd310
Event: 313.394 Executing VM operation: HandshakeAllThreads
Event: 313.394 Executing VM operation: HandshakeAllThreads done
Event: 314.566 Executing VM operation: HandshakeAllThreads
Event: 314.567 Executing VM operation: HandshakeAllThreads done
Event: 320.570 Executing VM operation: HandshakeAllThreads
Event: 320.570 Executing VM operation: HandshakeAllThreads done
Event: 324.891 loading class java/net/HttpURLConnection
Event: 324.892 loading class java/net/HttpURLConnection done
Event: 324.894 loading class sun/nio/cs/US_ASCII$Decoder
Event: 324.894 loading class sun/nio/cs/US_ASCII$Decoder done
Event: 325.573 Executing VM operation: HandshakeAllThreads
Event: 325.573 Executing VM operation: HandshakeAllThreads done


Dynamic libraries:
0x00007ff6f0920000 - 0x00007ff6f092d000 	E:\sts-4.9.0.RELEASE\plugins\org.eclipse.justj.openjdk.hotspot.jre.full.win32.x86_64_15.0.1.v20201027-0507\jre\bin\javaw.exe
0x00007fff56aa0000 - 0x00007fff56c90000 	C:\WINDOWS\SYSTEM32\ntdll.dll
0x00007fff55a80000 - 0x00007fff55b32000 	C:\WINDOWS\System32\KERNEL32.DLL
0x00007fff540c0000 - 0x00007fff54365000 	C:\WINDOWS\System32\KERNELBASE.dll
0x00007fff53f10000 - 0x00007fff5400a000 	C:\WINDOWS\System32\ucrtbase.dll
0x00007fff3acd0000 - 0x00007fff3ace8000 	E:\sts-4.9.0.RELEASE\plugins\org.eclipse.justj.openjdk.hotspot.jre.full.win32.x86_64_15.0.1.v20201027-0507\jre\bin\jli.dll
0x00007fff3ad20000 - 0x00007fff3ad39000 	E:\sts-4.9.0.RELEASE\plugins\org.eclipse.justj.openjdk.hotspot.jre.full.win32.x86_64_15.0.1.v20201027-0507\jre\bin\VCRUNTIME140.dll
0x00007fff54fb0000 - 0x00007fff55144000 	C:\WINDOWS\System32\USER32.dll
0x00007fff3cf50000 - 0x00007fff3d1d4000 	C:\WINDOWS\WinSxS\amd64_microsoft.windows.common-controls_6595b64144ccf1df_6.0.18362.1379_none_9e7ff3b3e45cc0c4\COMCTL32.dll
0x00007fff53c50000 - 0x00007fff53c71000 	C:\WINDOWS\System32\win32u.dll
0x00007fff559e0000 - 0x00007fff55a7e000 	C:\WINDOWS\System32\msvcrt.dll
0x00007fff55670000 - 0x00007fff55696000 	C:\WINDOWS\System32\GDI32.dll
0x00007fff53d70000 - 0x00007fff53f08000 	C:\WINDOWS\System32\gdi32full.dll
0x00007fff55db0000 - 0x00007fff560e7000 	C:\WINDOWS\System32\combase.dll
0x00007fff53cd0000 - 0x00007fff53d6e000 	C:\WINDOWS\System32\msvcp_win.dll
0x00007fff55c90000 - 0x00007fff55daf000 	C:\WINDOWS\System32\RPCRT4.dll
0x00007fff53a20000 - 0x00007fff53aa1000 	C:\WINDOWS\System32\bcryptPrimitives.dll
0x00007fff560f0000 - 0x00007fff5611e000 	C:\WINDOWS\System32\IMM32.DLL
0x00007fff49a30000 - 0x00007fff49a3c000 	E:\sts-4.9.0.RELEASE\plugins\org.eclipse.justj.openjdk.hotspot.jre.full.win32.x86_64_15.0.1.v20201027-0507\jre\bin\vcruntime140_1.dll
0x00007fff1d460000 - 0x00007fff1d4f1000 	E:\sts-4.9.0.RELEASE\plugins\org.eclipse.justj.openjdk.hotspot.jre.full.win32.x86_64_15.0.1.v20201027-0507\jre\bin\msvcp140.dll
0x00007ffec45f0000 - 0x00007ffec514e000 	E:\sts-4.9.0.RELEASE\plugins\org.eclipse.justj.openjdk.hotspot.jre.full.win32.x86_64_15.0.1.v20201027-0507\jre\bin\server\jvm.dll
0x00007fff56120000 - 0x00007fff561c3000 	C:\WINDOWS\System32\ADVAPI32.dll
0x00007fff54b50000 - 0x00007fff54be7000 	C:\WINDOWS\System32\sechost.dll
0x00007fff55b40000 - 0x00007fff55b48000 	C:\WINDOWS\System32\PSAPI.DLL
0x00007fff4c450000 - 0x00007fff4c474000 	C:\WINDOWS\SYSTEM32\WINMM.dll
0x00007fff49130000 - 0x00007fff4913a000 	C:\WINDOWS\SYSTEM32\VERSION.dll
0x00007fff39310000 - 0x00007fff39319000 	C:\WINDOWS\SYSTEM32\WSOCK32.dll
0x00007fff556b0000 - 0x00007fff5571f000 	C:\WINDOWS\System32\WS2_32.dll
0x00007fff4c330000 - 0x00007fff4c35d000 	C:\WINDOWS\SYSTEM32\WINMMBASE.dll
0x00007fff53c00000 - 0x00007fff53c4a000 	C:\WINDOWS\System32\cfgmgr32.dll
0x00007fff539b0000 - 0x00007fff539c1000 	C:\WINDOWS\System32\kernel.appcore.dll
0x00007fff4c6e0000 - 0x00007fff4c6ea000 	E:\sts-4.9.0.RELEASE\plugins\org.eclipse.justj.openjdk.hotspot.jre.full.win32.x86_64_15.0.1.v20201027-0507\jre\bin\jimage.dll
0x00007fff51910000 - 0x00007fff51b04000 	C:\WINDOWS\SYSTEM32\DBGHELP.DLL
0x00007fff37a50000 - 0x00007fff37a7a000 	C:\WINDOWS\SYSTEM32\dbgcore.DLL
0x00007fff242d0000 - 0x00007fff242f5000 	E:\sts-4.9.0.RELEASE\plugins\org.eclipse.justj.openjdk.hotspot.jre.full.win32.x86_64_15.0.1.v20201027-0507\jre\bin\java.dll
0x00007fff499c0000 - 0x00007fff499d8000 	E:\sts-4.9.0.RELEASE\plugins\org.eclipse.justj.openjdk.hotspot.jre.full.win32.x86_64_15.0.1.v20201027-0507\jre\bin\zip.dll
0x00007fff56370000 - 0x00007fff56a58000 	C:\WINDOWS\System32\SHELL32.dll
0x00007fff55b50000 - 0x00007fff55bf7000 	C:\WINDOWS\System32\shcore.dll
0x00007fff54370000 - 0x00007fff54aeb000 	C:\WINDOWS\System32\windows.storage.dll
0x00007fff539d0000 - 0x00007fff539f3000 	C:\WINDOWS\System32\profapi.dll
0x00007fff53960000 - 0x00007fff539aa000 	C:\WINDOWS\System32\powrprof.dll
0x00007fff53950000 - 0x00007fff53960000 	C:\WINDOWS\System32\UMPDC.dll
0x00007fff54d90000 - 0x00007fff54de2000 	C:\WINDOWS\System32\shlwapi.dll
0x00007fff53c80000 - 0x00007fff53c97000 	C:\WINDOWS\System32\cryptsp.dll
0x00007fff49970000 - 0x00007fff49989000 	E:\sts-4.9.0.RELEASE\plugins\org.eclipse.justj.openjdk.hotspot.jre.full.win32.x86_64_15.0.1.v20201027-0507\jre\bin\net.dll
0x00007fff3fae0000 - 0x00007fff3fbd0000 	C:\WINDOWS\SYSTEM32\WINHTTP.dll
0x00007fff53190000 - 0x00007fff531f7000 	C:\WINDOWS\system32\mswsock.dll
0x00007fff48d20000 - 0x00007fff48d32000 	E:\sts-4.9.0.RELEASE\plugins\org.eclipse.justj.openjdk.hotspot.jre.full.win32.x86_64_15.0.1.v20201027-0507\jre\bin\nio.dll
0x00007fff4bb60000 - 0x00007fff4bb70000 	E:\sts-4.9.0.RELEASE\plugins\org.eclipse.justj.openjdk.hotspot.jre.full.win32.x86_64_15.0.1.v20201027-0507\jre\bin\verify.dll
0x00007fff48360000 - 0x00007fff48369000 	E:\sts-4.9.0.RELEASE\plugins\org.eclipse.justj.openjdk.hotspot.jre.full.win32.x86_64_15.0.1.v20201027-0507\jre\bin\management.dll
0x00007fff45120000 - 0x00007fff4512b000 	E:\sts-4.9.0.RELEASE\plugins\org.eclipse.justj.openjdk.hotspot.jre.full.win32.x86_64_15.0.1.v20201027-0507\jre\bin\management_ext.dll
0x00007fff289c0000 - 0x00007fff289d6000 	C:\WINDOWS\system32\napinsp.dll
0x00007fff28950000 - 0x00007fff2896a000 	C:\WINDOWS\system32\pnrpnsp.dll
0x00007fff52ee0000 - 0x00007fff52fab000 	C:\WINDOWS\SYSTEM32\DNSAPI.dll
0x00007fff55720000 - 0x00007fff55728000 	C:\WINDOWS\System32\NSI.dll
0x00007fff52ea0000 - 0x00007fff52eda000 	C:\WINDOWS\SYSTEM32\IPHLPAPI.DLL
0x00007fff28940000 - 0x00007fff2894e000 	C:\WINDOWS\System32\winrnr.dll
0x00007fff4c500000 - 0x00007fff4c51c000 	C:\WINDOWS\system32\NLAapi.dll
0x00007fff4b4f0000 - 0x00007fff4b505000 	C:\WINDOWS\system32\wshbth.dll
0x00007fff3f070000 - 0x00007fff3f07a000 	C:\Windows\System32\rasadhlp.dll
0x00007fff40390000 - 0x00007fff40407000 	C:\WINDOWS\System32\fwpuclnt.dll
0x00007fff53ca0000 - 0x00007fff53cc6000 	C:\WINDOWS\System32\bcrypt.dll
0x00007fff52d10000 - 0x00007fff52d43000 	C:\WINDOWS\system32\rsaenh.dll
0x00007fff53870000 - 0x00007fff53895000 	C:\WINDOWS\SYSTEM32\USERENV.dll
0x00007fff53360000 - 0x00007fff5336c000 	C:\WINDOWS\SYSTEM32\CRYPTBASE.dll
0x00007fff44e20000 - 0x00007fff44e36000 	C:\WINDOWS\SYSTEM32\dhcpcsvc6.DLL
0x00007fff44e00000 - 0x00007fff44e1c000 	C:\WINDOWS\SYSTEM32\dhcpcsvc.DLL

dbghelp: loaded successfully - version: 4.0.5 - missing functions: none
symbol engine: initialized successfully - sym options: 0x614 - pdb path: .;E:\sts-4.9.0.RELEASE\plugins\org.eclipse.justj.openjdk.hotspot.jre.full.win32.x86_64_15.0.1.v20201027-0507\jre\bin;C:\WINDOWS\SYSTEM32;C:\WINDOWS\WinSxS\amd64_microsoft.windows.common-controls_6595b64144ccf1df_6.0.18362.1379_none_9e7ff3b3e45cc0c4;E:\sts-4.9.0.RELEASE\plugins\org.eclipse.justj.openjdk.hotspot.jre.full.win32.x86_64_15.0.1.v20201027-0507\jre\bin\server

VM Arguments:
jvm_args: -Dfile.encoding=UTF-8 -XX:+ShowCodeDetailsInExceptionMessages 
java_command: com.itwins.artisanatshop.ArtisanatshopApplication
java_class_path (initial): E:\2èmeAnnée\Las9 2a\S4\PI3\PI33\foreverbio-dev\target\classes;C:\Users\Admin\.m2\repository\org\springframework\boot\spring-boot-starter-web\2.1.3.RELEASE\spring-boot-starter-web-2.1.3.RELEASE.jar;C:\Users\Admin\.m2\repository\org\springframework\boot\spring-boot-starter\2.1.3.RELEASE\spring-boot-starter-2.1.3.RELEASE.jar;C:\Users\Admin\.m2\repository\org\springframework\boot\spring-boot\2.1.3.RELEASE\spring-boot-2.1.3.RELEASE.jar;C:\Users\Admin\.m2\repository\org\springframework\boot\spring-boot-autoconfigure\2.1.3.RELEASE\spring-boot-autoconfigure-2.1.3.RELEASE.jar;C:\Users\Admin\.m2\repository\org\springframework\boot\spring-boot-starter-logging\2.1.3.RELEASE\spring-boot-starter-logging-2.1.3.RELEASE.jar;C:\Users\Admin\.m2\repository\ch\qos\logback\logback-classic\1.2.3\logback-classic-1.2.3.jar;C:\Users\Admin\.m2\repository\ch\qos\logback\logback-core\1.2.3\logback-core-1.2.3.jar;C:\Users\Admin\.m2\repository\org\apache\logging\log4j\log4j-to-slf4j\2.11.2\log4j-to-slf4j-2.11.2.jar;C:\Users\Admin\.m2\repository\org\apache\logging\log4j\log4j-api\2.11.2\log4j-api-2.11.2.jar;C:\Users\Admin\.m2\repository\org\slf4j\jul-to-slf4j\1.7.25\jul-to-slf4j-1.7.25.jar;C:\Users\Admin\.m2\repository\javax\annotation\javax.annotation-api\1.3.2\javax.annotation-api-1.3.2.jar;C:\Users\Admin\.m2\repository\org\yaml\snakeyaml\1.23\snakeyaml-1.23.jar;C:\Users\Admin\.m2\repository\org\springframework\boot\spring-boot-starter-json\2.1.3.RELEASE\spring-boot-starter-json-2.1.3.RELEASE.jar;C:\Users\Admin\.m2\repository\com\fasterxml\jackson\core\jackson-databind\2.9.8\jackson-databind-2.9.8.jar;C:\Users\Admin\.m2\repository\com\fasterxml\jackson\core\jackson-annotations\2.9.0\jackson-annotations-2.9.0.jar;C:\Users\Admin\.m2\repository\com\fasterxml\jackson\core\jackson-core\2.9.8\jackson-core-2.9.8.jar;C:\Users\Admin\.m2\repository\com\fasterxml\jackson\datatype\jackson-datatype-jdk8\2.9.8\jackson-datatype-jdk8-2.9.8.jar;C:\Users\Admin\.m2\repository\com\fast
Launcher Type: SUN_STANDARD

[Global flags]
     intx CICompilerCount                          = 4                                         {product} {ergonomic}
     uint ConcGCThreads                            = 2                                         {product} {ergonomic}
     uint G1ConcRefinementThreads                  = 8                                         {product} {ergonomic}
   size_t G1HeapRegionSize                         = 2097152                                   {product} {ergonomic}
    uintx GCDrainStackTargetSize                   = 64                                        {product} {ergonomic}
   size_t InitialHeapSize                          = 266338304                                 {product} {ergonomic}
   size_t MarkStackSize                            = 4194304                                   {product} {ergonomic}
   size_t MaxHeapSize                              = 4259315712                                {product} {ergonomic}
   size_t MaxNewSize                               = 2554331136                                {product} {ergonomic}
   size_t MinHeapDeltaBytes                        = 2097152                                   {product} {ergonomic}
   size_t MinHeapSize                              = 8388608                                   {product} {ergonomic}
    uintx NonNMethodCodeHeapSize                   = 5839372                                {pd product} {ergonomic}
    uintx NonProfiledCodeHeapSize                  = 122909434                              {pd product} {ergonomic}
    uintx ProfiledCodeHeapSize                     = 122909434                              {pd product} {ergonomic}
    uintx ReservedCodeCacheSize                    = 251658240                              {pd product} {ergonomic}
     bool SegmentedCodeCache                       = true                                      {product} {ergonomic}
     bool ShowCodeDetailsInExceptionMessages       = true                                   {manageable} {command line}
   size_t SoftMaxHeapSize                          = 4259315712                             {manageable} {ergonomic}
     bool UseCompressedClassPointers               = true                                 {lp64_product} {ergonomic}
     bool UseCompressedOops                        = true                                 {lp64_product} {ergonomic}
     bool UseG1GC                                  = true                                      {product} {ergonomic}
     bool UseLargePagesIndividualAllocation        = false                                  {pd product} {ergonomic}

Logging:
Log output configuration:
 #0: stdout all=warning uptime,level,tags
 #1: stderr all=off uptime,level,tags

Environment Variables:
JAVA_HOME=C:\Program Files\Java\jre1.8.0_271
PATH=E:/sts-4.9.0.RELEASE//plugins/org.eclipse.justj.openjdk.hotspot.jre.full.win32.x86_64_15.0.1.v20201027-0507/jre/bin/server;E:/sts-4.9.0.RELEASE//plugins/org.eclipse.justj.openjdk.hotspot.jre.full.win32.x86_64_15.0.1.v20201027-0507/jre/bin;C:\Program Files\Common Files\Oracle\Java\javapath;C:\Program Files (x86)\STMicroelectronics\st7toolset\asm;C:\Program Files\Microsoft MPI\Bin\;C:\Python38\Scripts\;C:\Python38\;C:\Program Files (x86)\CodeBlocks\MinGW\lib\gcc\mingw32\5.1.0\include;C:\Program Files (x86)\CodeBlocks\MinGW\bin;C:\Program Files (x86)\CodeBlocks\MinGW\lib;C:\ProgramData\Oracle\Java\javapath;C:\Program Files (x86)\CodeBlocks\MinGW\lib\gcc\mingw32\5.1.0\include;C:\Program Files (x86)\CodeBlocks;C:\Program Files (x86)\Common Files\Oracle\Java\javapath;C:\Program Files\Java\jdk-13.0.2\bin;C:\WINDOWS\System32\Wbem;C:\WINDOWS;C:\WINDOWS\system32;C:\Program Files\Java;C:\WINDOWS\System32\WindowsPowerShell\v1.0\;C:\WINDOWS\System32\OpenSSH\;C:\Program Files (x86)\AOMEI Backupper;C:\oraclexe\app\oracle\product\11.2.0\server\bin;C:\oraclexe\app\oracle\product\11.2.0\server\jdbc\lib;C:\Program Files\JetBrains\IntelliJ IDEA Community Edition 2019.3.3\lib;C:\Program Files\Java\jre1.8.0_271\lib\ext;C:\Program Files\Java\jdk-13.0.2\bin;C:\Program Files\Java\jdk1.8.0_25\jre\lib\ext;C:\oraclexe\app\oracle\product\11.2.0\server\jdbc\lib;C:\Dev-Cpp\bin;C:\Program Files\MySQL\MySQL Server 8.0\bin;C:\Program Files\Java\jre1.8.0_251\lib\ext;C:\Program Files\Java\jdk1.8.0_25\bin;C:\Program Files\Java\jre1.8.0_251\bin;C:\Users\Admin\Desktop\Java-project-2D-game-Fight-Zone-master\bin;C:\PHP7;C:\Program Files\nodejs\;C:\ProgramData\chocolatey\bin;C:\Program Files\Git\cmd;C:\Program Files\dotnet\;C:\Program Files\Microsoft SQL Server\130\Tools\Binn\;C:\Program Files\Microsoft SQL Server\Client SDK\ODBC\170\Tools\Binn\;C:\Program Files\Microsoft SQL Server\120\Tools\Binn\;C:\Program Files\Microsoft SQL Server\150\Tools\Binn\;C:\Program Files (x86)\Microsoft SQL Server\150\Tools\
USERNAME=Admin
OS=Windows_NT
PROCESSOR_IDENTIFIER=Intel64 Family 6 Model 142 Stepping 10, GenuineIntel



---------------  S Y S T E M  ---------------

OS:
 Windows 10 , 64 bit Build 18362 (10.0.18362.1350)
OS uptime: 9 days 13:23 hours

CPU: total 8 (initial active 8) (4 cores per cpu, 2 threads per core) family 6 model 142 stepping 10 microcode 0xe0, cmov, cx8, fxsr, mmx, sse, sse2, sse3, ssse3, sse4.1, sse4.2, popcnt, vzeroupper, avx, avx2, aes, clmul, erms, rtm, 3dnowpref, lzcnt, ht, tsc, tscinvbit, bmi1, bmi2, adx, fma, clflush, clflushopt

Memory: 4k page, system-wide physical 16243M (2498M free)
TotalPageFile size 32683M (AvailPageFile size 4M)
current process WorkingSet (physical memory assigned to process): 293M, peak: 353M
current process commit charge ("private bytes"): 330M, peak: 390M

vm_info: OpenJDK 64-Bit Server VM (15.0.1+9-18) for windows-amd64 JRE (15.0.1+9-18), built on Sep 15 2020 14:39:31 by "mach5one" with unknown MS VC++:1925

END.
